<?xml version="1.0" encoding="UTF-8"?>
<!-- Generated by org.testng.reporters.JUnitReportReporter -->
<testsuite hostname="DESKTOP-OR6VU5V" name="DemoDropDown.TestCase2" tests="1" failures="0" timestamp="2 Aug 2020 19:34:42 GMT" time="11.455" errors="0">
  <testcase name="Test" time="11.455" classname="DemoDropDown.TestCase2"/>
</testsuite> <!-- DemoDropDown.TestCase2 -->
