<?xml version="1.0" encoding="UTF-8"?>
<!-- Generated by org.testng.reporters.JUnitReportReporter -->
<testsuite hostname="DESKTOP-OR6VU5V" name="DemoDropDown.FaceBookDemo" tests="1" failures="0" timestamp="2 Aug 2020 19:06:39 GMT" time="40.638" errors="0">
  <testcase name="FBlaunch" time="40.638" classname="DemoDropDown.FaceBookDemo"/>
</testsuite> <!-- DemoDropDown.FaceBookDemo -->
