<?xml version="1.0" encoding="UTF-8"?>
<!-- Generated by org.testng.reporters.JUnitReportReporter -->
<testsuite hostname="DESKTOP-OR6VU5V" name="DemoDropDown.TestCase1" tests="1" failures="0" timestamp="2 Aug 2020 19:20:06 GMT" time="21.101" errors="0">
  <testcase name="Test" time="21.101" classname="DemoDropDown.TestCase1"/>
</testsuite> <!-- DemoDropDown.TestCase1 -->
